#
# A fatal error has been detected by the Java Runtime Environment:
#
#  Internal Error (classFileParser.cpp:3494), pid=7164, tid=6292
#  Error: ShouldNotReachHere()
#
# JRE version: 6.0_27-b07
# Java VM: Java HotSpot(TM) 64-Bit Server VM (20.2-b06 mixed mode windows-amd64 compressed oops)
# If you would like to submit a bug report, please visit:
#   http://java.sun.com/webapps/bugreport/crash.jsp
#

---------------  T H R E A D  ---------------

Current thread (0x000000000094c000):  JavaThread "Unknown thread" [_thread_in_vm, id=6292, stack(0x0000000002460000,0x0000000002560000)]

Stack: [0x0000000002460000,0x0000000002560000]
[error occurred during error reporting (printing stack bounds), id 0xc0000005]


---------------  P R O C E S S  ---------------

Java Threads: ( => current thread )

Other Threads:

=>0x000000000094c000 (exited) JavaThread "Unknown thread" [_thread_in_vm, id=6292, stack(0x0000000002460000,0x0000000002560000)]

VM state:not at safepoint (not fully initialized)

VM Mutex/Monitor currently owned by a thread: None

Dynamic libraries:
0x0000000000400000 - 0x000000000042e000 	C:\Program Files\Java\jre6\bin\javaw.exe
0x00000000772b0000 - 0x0000000077459000 	C:\Windows\SYSTEM32\ntdll.dll
0x0000000073240000 - 0x000000007328d000 	C:\Program Files\Alwil Software\Avast5\snxhk64.dll
0x0000000077090000 - 0x00000000771af000 	C:\Windows\system32\KERNEL32.dll
0x000007fefd440000 - 0x000007fefd4ab000 	C:\Windows\system32\KERNELBASE.dll
0x000007fefeb70000 - 0x000007fefec4b000 	C:\Windows\system32\ADVAPI32.dll
0x000007fefd700000 - 0x000007fefd79f000 	C:\Windows\system32\msvcrt.dll
0x000007fefeab0000 - 0x000007fefeacf000 	C:\Windows\SYSTEM32\sechost.dll
0x000007fefeed0000 - 0x000007fefeffd000 	C:\Windows\system32\RPCRT4.dll
0x00000000771b0000 - 0x00000000772aa000 	C:\Windows\system32\USER32.dll
0x000007feff000000 - 0x000007feff067000 	C:\Windows\system32\GDI32.dll
0x000007fefda30000 - 0x000007fefda3e000 	C:\Windows\system32\LPK.dll
0x000007fefec50000 - 0x000007fefed19000 	C:\Windows\system32\USP10.dll
0x000007fefcf20000 - 0x000007fefcf77000 	C:\Windows\system32\apphelp.dll
0x000007fef2d40000 - 0x000007fef2d91000 	C:\Windows\AppPatch\AppPatch64\AcGenral.DLL
0x000007fefcef0000 - 0x000007fefcf15000 	C:\Windows\system32\SspiCli.dll
0x000007fefe8d0000 - 0x000007fefe941000 	C:\Windows\system32\SHLWAPI.dll
0x000007fefd820000 - 0x000007fefda23000 	C:\Windows\system32\ole32.dll
0x000007fefdb40000 - 0x000007fefe8c8000 	C:\Windows\system32\SHELL32.dll
0x0000000073230000 - 0x0000000073233000 	C:\Windows\system32\sfc.dll
0x000007fefbc00000 - 0x000007fefbc10000 	C:\Windows\system32\sfc_os.DLL
0x000007fefcae0000 - 0x000007fefcafe000 	C:\Windows\system32\USERENV.dll
0x000007fefd090000 - 0x000007fefd09f000 	C:\Windows\system32\profapi.dll
0x000007fefca50000 - 0x000007fefca68000 	C:\Windows\system32\dwmapi.dll
0x000007fef8af0000 - 0x000007fef8b08000 	C:\Windows\system32\MPR.dll
0x000007feff590000 - 0x000007feff5be000 	C:\Windows\system32\IMM32.DLL
0x000007fefedc0000 - 0x000007fefeec9000 	C:\Windows\system32\MSCTF.dll
0x000000006d7f0000 - 0x000000006dfa8000 	C:\Program Files\Java\jre6\bin\server\jvm.dll
0x000007fefb5d0000 - 0x000007fefb60b000 	C:\Windows\system32\WINMM.dll
0x000000006d760000 - 0x000000006d76e000 	C:\Program Files\Java\jre6\bin\verify.dll
0x000000006d3b0000 - 0x000000006d3d7000 	C:\Program Files\Java\jre6\bin\java.dll
0x000000006d7b0000 - 0x000000006d7c2000 	C:\Program Files\Java\jre6\bin\zip.dll
0x0000000077480000 - 0x0000000077487000 	C:\Windows\system32\PSAPI.DLL

VM Arguments:
jvm_args: -Dfile.encoding=Cp1254 -Xbootclasspath:C:\android sdk\sdk\platforms\android-8\android.jar 
java_command: com.mehmet.calculator.CalculatorModelTest
Launcher Type: SUN_STANDARD

Environment Variables:
CLASSPATH=.;C:\Program Files (x86)\Java\jre7\lib\ext\QTJava.zip
PATH=C:\Program Files (x86)\Haskell\bin;C:\Program Files (x86)\Haskell Platform\2011.4.0.0\lib\extralibs\bin;C:\Program Files (x86)\Haskell Platform\2011.4.0.0\bin;C:\Program Files (x86)\NVIDIA Corporation\PhysX\Common;C:\Program Files\Common Files\Microsoft Shared\Windows Live;C:\Program Files (x86)\Common Files\Microsoft Shared\Windows Live;C:\Windows\system32;C:\Windows;C:\Windows\System32\Wbem;C:\Windows\System32\WindowsPowerShell\v1.0\;C:\Program Files\WIDCOMM\Bluetooth Software\;C:\Program Files\WIDCOMM\Bluetooth Software\syswow64;C:\Program Files (x86)\Windows Live\Shared;c:\Program Files (x86)\Microsoft SQL Server\100\Tools\Binn\;c:\Program Files\Microsoft SQL Server\100\Tools\Binn\;c:\Program Files\Microsoft SQL Server\100\DTS\Binn\;C:\cygwin;C:\Program Files (x86)\Calibre2\;C:\Program Files\jEdit;C:\Program Files\MySQL\MySQL Server 5.5\bin;C:\Program Files (x86)\QuickTime\QTSystem\;C:\Users\Mehmet\AppData\Roaming\cabal\bin;C:\Program Files (x86)\SSH Communications Security\SSH Secure Shell
USERNAME=Mehmet
OS=Windows_NT
PROCESSOR_IDENTIFIER=Intel64 Family 6 Model 23 Stepping 10, GenuineIntel



---------------  S Y S T E M  ---------------

OS: Windows 7 , 64 bit Build 7601 Service Pack 1

CPU:total 2 (2 cores per cpu, 1 threads per core) family 6 model 23 stepping 10, cmov, cx8, fxsr, mmx, sse, sse2, sse3, ssse3, sse4.1

Memory: 4k page, physical 3140536k(1158868k free), swap 4529036k(1316120k free)

vm_info: Java HotSpot(TM) 64-Bit Server VM (20.2-b06) for windows-amd64 JRE (1.6.0_27-b07), built on Jul 19 2011 01:08:22 by "java_re" with MS VC++ 8.0 (VS2005)

time: Sat Sep 21 02:17:01 2013
elapsed time: 0 seconds

